Defaulting to user installation because normal site-packages is not writeable
Requirement already satisfied: torch in /home/vsilai/.local/lib/python3.10/site-packages (2.0.0)
Requirement already satisfied: torchvision in /home/vsilai/.local/lib/python3.10/site-packages (0.15.1)
Requirement already satisfied: tqdm in /home/vsilai/.local/lib/python3.10/site-packages (4.65.0)
Requirement already satisfied: pandas in /home/vsilai/.local/lib/python3.10/site-packages (2.0.0)
Requirement already satisfied: numpy in /home/vsilai/.local/lib/python3.10/site-packages (1.24.2)
Requirement already satisfied: scikit-learn in /home/vsilai/.local/lib/python3.10/site-packages (1.2.2)
Requirement already satisfied: Pillow in /home/vsilai/.local/lib/python3.10/site-packages (9.5.0)
Requirement already satisfied: matplotlib in /home/vsilai/.local/lib/python3.10/site-packages (3.7.1)
Requirement already satisfied: filelock in /sw/pkgs/arc/python/3.10.4/lib/python3.10/site-packages (from torch) (3.6.0)
Requirement already satisfied: typing-extensions in /home/vsilai/.local/lib/python3.10/site-packages (from torch) (4.5.0)
Requirement already satisfied: nvidia-cufft-cu11==10.9.0.58 in /home/vsilai/.local/lib/python3.10/site-packages (from torch) (10.9.0.58)
Requirement already satisfied: nvidia-nvtx-cu11==11.7.91 in /home/vsilai/.local/lib/python3.10/site-packages (from torch) (11.7.91)
Requirement already satisfied: jinja2 in /home/vsilai/.local/lib/python3.10/site-packages (from torch) (3.1.2)
Requirement already satisfied: nvidia-cuda-runtime-cu11==11.7.99 in /home/vsilai/.local/lib/python3.10/site-packages (from torch) (11.7.99)
Requirement already satisfied: triton==2.0.0 in /home/vsilai/.local/lib/python3.10/site-packages (from torch) (2.0.0)
Requirement already satisfied: sympy in /home/vsilai/.local/lib/python3.10/site-packages (from torch) (1.11.1)
Requirement already satisfied: nvidia-cuda-cupti-cu11==11.7.101 in /home/vsilai/.local/lib/python3.10/site-packages (from torch) (11.7.101)
Requirement already satisfied: nvidia-cusparse-cu11==11.7.4.91 in /home/vsilai/.local/lib/python3.10/site-packages (from torch) (11.7.4.91)
Requirement already satisfied: nvidia-cuda-nvrtc-cu11==11.7.99 in /home/vsilai/.local/lib/python3.10/site-packages (from torch) (11.7.99)
Requirement already satisfied: nvidia-cublas-cu11==11.10.3.66 in /home/vsilai/.local/lib/python3.10/site-packages (from torch) (11.10.3.66)
Requirement already satisfied: nvidia-curand-cu11==10.2.10.91 in /home/vsilai/.local/lib/python3.10/site-packages (from torch) (10.2.10.91)
Requirement already satisfied: nvidia-nccl-cu11==2.14.3 in /home/vsilai/.local/lib/python3.10/site-packages (from torch) (2.14.3)
Requirement already satisfied: networkx in /home/vsilai/.local/lib/python3.10/site-packages (from torch) (3.1)
Requirement already satisfied: nvidia-cusolver-cu11==11.4.0.1 in /home/vsilai/.local/lib/python3.10/site-packages (from torch) (11.4.0.1)
Requirement already satisfied: nvidia-cudnn-cu11==8.5.0.96 in /home/vsilai/.local/lib/python3.10/site-packages (from torch) (8.5.0.96)
Requirement already satisfied: wheel in /home/vsilai/.local/lib/python3.10/site-packages (from nvidia-cublas-cu11==11.10.3.66->torch) (0.40.0)
Requirement already satisfied: setuptools in /sw/pkgs/arc/python/3.10.4/lib/python3.10/site-packages (from nvidia-cublas-cu11==11.10.3.66->torch) (58.1.0)
Requirement already satisfied: cmake in /home/vsilai/.local/lib/python3.10/site-packages (from triton==2.0.0->torch) (3.26.3)
Requirement already satisfied: lit in /home/vsilai/.local/lib/python3.10/site-packages (from triton==2.0.0->torch) (16.0.1)
Requirement already satisfied: requests in /home/vsilai/.local/lib/python3.10/site-packages (from torchvision) (2.28.2)
Requirement already satisfied: python-dateutil>=2.8.2 in /home/vsilai/.local/lib/python3.10/site-packages (from pandas) (2.8.2)
Requirement already satisfied: pytz>=2020.1 in /home/vsilai/.local/lib/python3.10/site-packages (from pandas) (2023.3)
Requirement already satisfied: tzdata>=2022.1 in /home/vsilai/.local/lib/python3.10/site-packages (from pandas) (2023.3)
Requirement already satisfied: scipy>=1.3.2 in /home/vsilai/.local/lib/python3.10/site-packages (from scikit-learn) (1.10.1)
Requirement already satisfied: threadpoolctl>=2.0.0 in /home/vsilai/.local/lib/python3.10/site-packages (from scikit-learn) (3.1.0)
Requirement already satisfied: joblib>=1.1.1 in /home/vsilai/.local/lib/python3.10/site-packages (from scikit-learn) (1.2.0)
Requirement already satisfied: fonttools>=4.22.0 in /home/vsilai/.local/lib/python3.10/site-packages (from matplotlib) (4.39.3)
Requirement already satisfied: cycler>=0.10 in /home/vsilai/.local/lib/python3.10/site-packages (from matplotlib) (0.11.0)
Requirement already satisfied: kiwisolver>=1.0.1 in /home/vsilai/.local/lib/python3.10/site-packages (from matplotlib) (1.4.4)
Requirement already satisfied: packaging>=20.0 in /sw/pkgs/arc/python/3.10.4/lib/python3.10/site-packages (from matplotlib) (21.3)
Requirement already satisfied: contourpy>=1.0.1 in /home/vsilai/.local/lib/python3.10/site-packages (from matplotlib) (1.0.7)
Requirement already satisfied: pyparsing>=2.3.1 in /sw/pkgs/arc/python/3.10.4/lib/python3.10/site-packages (from matplotlib) (3.0.8)
Requirement already satisfied: six>=1.5 in /sw/pkgs/arc/python/3.10.4/lib/python3.10/site-packages (from python-dateutil>=2.8.2->pandas) (1.16.0)
Requirement already satisfied: MarkupSafe>=2.0 in /home/vsilai/.local/lib/python3.10/site-packages (from jinja2->torch) (2.1.2)
Requirement already satisfied: charset-normalizer<4,>=2 in /home/vsilai/.local/lib/python3.10/site-packages (from requests->torchvision) (3.1.0)
Requirement already satisfied: urllib3<1.27,>=1.21.1 in /home/vsilai/.local/lib/python3.10/site-packages (from requests->torchvision) (1.26.15)
Requirement already satisfied: certifi>=2017.4.17 in /home/vsilai/.local/lib/python3.10/site-packages (from requests->torchvision) (2022.12.7)
Requirement already satisfied: idna<4,>=2.5 in /home/vsilai/.local/lib/python3.10/site-packages (from requests->torchvision) (3.4)
Requirement already satisfied: mpmath>=0.19 in /home/vsilai/.local/lib/python3.10/site-packages (from sympy->torch) (1.3.0)
WARNING: You are using pip version 22.0.4; however, version 23.1.1 is available.
You should consider upgrading via the '/sw/pkgs/arc/python/3.10.4/bin/python3.10 -m pip install --upgrade pip' command.
Using the CPU. Overall speed may be slowed down
Mean of images:  [75.4238407]
Std of images:  [111.9000075]
Start training...
-----------------Epoch = 1-----------------
  0%|          | 0/75 [00:00<?, ?it/s]  0%|          | 0/75 [00:01<?, ?it/s]
Traceback (most recent call last):
  File "/home/vsilai/Documents/eecs442_final/CNN.py", line 290, in <module>
    main()
  File "/home/vsilai/Documents/eecs442_final/CNN.py", line 280, in main
    trn_loss_hist, trn_acc_hist, val_acc_hist = train(model, train_dl,
  File "/home/vsilai/Documents/eecs442_final/CNN.py", line 221, in train
    pred = model(batch)
  File "/home/vsilai/.local/lib/python3.10/site-packages/torch/nn/modules/module.py", line 1501, in _call_impl
    return forward_call(*args, **kwargs)
  File "/home/vsilai/Documents/eecs442_final/CNN.py", line 113, in forward
    x = self.conv1(x)
  File "/home/vsilai/.local/lib/python3.10/site-packages/torch/nn/modules/module.py", line 1501, in _call_impl
    return forward_call(*args, **kwargs)
  File "/home/vsilai/.local/lib/python3.10/site-packages/torch/nn/modules/container.py", line 217, in forward
    input = module(input)
  File "/home/vsilai/.local/lib/python3.10/site-packages/torch/nn/modules/module.py", line 1501, in _call_impl
    return forward_call(*args, **kwargs)
  File "/home/vsilai/.local/lib/python3.10/site-packages/torch/nn/modules/conv.py", line 463, in forward
    return self._conv_forward(input, self.weight, self.bias)
  File "/home/vsilai/.local/lib/python3.10/site-packages/torch/nn/modules/conv.py", line 459, in _conv_forward
    return F.conv2d(input, weight, bias, self.stride,
RuntimeError: Given groups=1, weight of size [32, 1, 3, 3], expected input[16, 3, 1024, 1024] to have 1 channels, but got 3 channels instead
